[14:05:00] [Server thread/INFO]: Loading properties
[14:05:00] [Server thread/INFO]: Default game type: SURVIVAL
[14:05:00] [Server thread/INFO]: Generating keypair
[14:05:00] [Server thread/INFO]: Starting Minecraft server on *:25565
[14:05:00] [Server thread/INFO]: Using epoll channel type
[14:05:00] [Server thread/WARN]: **** SERVER IS RUNNING IN OFFLINE/INSECURE MODE!
[14:05:00] [Server thread/WARN]: The server will make no attempt to authenticate usernames. Beware.
[14:05:00] [Server thread/WARN]: While this makes the game possible to play without internet access, it also opens up the ability for hackers to connect with any username they choose.
[14:05:00] [Server thread/WARN]: To change this, set "online-mode" to "true" in the server.properties file.
[14:05:00] [Server thread/INFO]: Preparing level "world"
[14:05:01] [Server thread/INFO]: Loaded 488 advancements
[14:05:01] [Server thread/INFO]: Preparing start region for level 0
[14:05:02] [Server thread/INFO]: Preparing spawn area: 2%
[14:05:03] [Server thread/INFO]: Done (2.336s)! For help, type "help" or "?"
[14:05:14] [Server thread/INFO]: perrito-malvado[/127.121.128.34:59241] logged in with entity id 201 at (552.5124999880791, 75.0, 138.0468011538993)
[14:05:14] [Server thread/INFO]: perrito-malvado joined the game
[14:16:27] [Server thread/INFO]: M1Abrams_Figue[/127.108.185.214:45593] logged in with entity id 11301 at (552.3000000119209, 75.0, 138.69999998807907)
[14:16:27] [Server thread/INFO]: M1Abrams_Figue joined the game
[14:16:50] [Server thread/WARN]: perrito-malvado moved too quickly! 1828.9980591751373,-79.0,701.9653727754777
[14:17:26] [Server thread/WARN]: perrito-malvado moved too quickly! -1991.5807676091054,7.1875,-782.6554835389405
[14:17:27] [Server thread/INFO]: Scanning for legacy world dragon fight...
[14:17:27] [Server thread/INFO]: Found that the dragon has been killed in this world already.
[14:24:08] [Server thread/WARN]: M1Abrams_Figue moved too quickly! -497.3586763510823,44.0,-138.74354234407443
